Using pre-set license
Built from '2020.3/staging' branch; Version is '2020.3.10f1 (297d780c91bc) revision 2719096'; Using compiler version '192528614'; Build Type 'Release'
OS: 'Windows 10 Home; OS build 19043.1766; Version 2009; 64bit' Language: 'en' Physical Memory: 7116 MB
BatchMode: 1, IsHumanControllingUs: 0, StartBugReporterOnCrash: 0, Is64bit: 1, IsPro: 0

 COMMAND LINE ARGUMENTS:
C:\Program Files\Unity\Hub\Editor\2020.3.10f1\Editor\Unity.exe
-adb2
-batchMode
-noUpm
-name
AssetImportWorker2
-projectPath
C:/Users/Jerem/Desktop/Coding Challenge/Challenge/C#-2d-Game/C#
-logFile
Logs/AssetImportWorker2.log
-srvPort
60691
Successfully changed project path to: C:/Users/Jerem/Desktop/Coding Challenge/Challenge/C#-2d-Game/C#
C:/Users/Jerem/Desktop/Coding Challenge/Challenge/C#-2d-Game/C#
Using Asset Import Pipeline V2.
